# JRE version: Java(TM) SE Runtime Environment (8.0_60-b27) (build 1.8.0_60-b27)
# Java VM: Java HotSpot(TM) 64-Bit Server VM (25.60-b23 mixed mode windows-amd64 compressed oops)
Heap:
 PSYoungGen      total 141824K, used 88827K [0x000000076ad80000, 0x000000077c280000, 0x00000007c0000000)
  eden space 131072K, 67% used [0x000000076ad80000,0x000000077043ed18,0x0000000772d80000)
  from space 10752K, 0% used [0x0000000772d80000,0x0000000772d80000,0x0000000773800000)
  to   space 10752K, 0% used [0x000000077b800000,0x000000077b800000,0x000000077c280000)
 ParOldGen       total 115200K, used 11117K [0x00000006c0800000, 0x00000006c7880000, 0x000000076ad80000)
  object space 115200K, 9% used [0x00000006c0800000,0x00000006c12db668,0x00000006c7880000)
 Metaspace       used 23918K, capacity 24226K, committed 24576K, reserved 1071104K
  class space    used 2952K, capacity 3017K, committed 3072K, reserved 1048576K
GC Heap History (8 events):
Event: 0.733 GC heap before
{Heap before GC invocations=1 (full 0):
 PSYoungGen      total 76288K, used 65536K [0x000000076ad80000, 0x0000000770280000, 0x00000007c0000000)
  eden space 65536K, 100% used [0x000000076ad80000,0x000000076ed80000,0x000000076ed80000)
  from space 10752K, 0% used [0x000000076f800000,0x000000076f800000,0x0000000770280000)
  to   space 10752K, 0% used [0x000000076ed80000,0x000000076ed80000,0x000000076f800000)
 ParOldGen       total 175104K, used 0K [0x00000006c0800000, 0x00000006cb300000, 0x000000076ad80000)
  object space 175104K, 0% used [0x00000006c0800000,0x00000006c0800000,0x00000006cb300000)
 Metaspace       used 12825K, capacity 13066K, committed 13184K, reserved 1060864K
  class space    used 1586K, capacity 1637K, committed 1664K, reserved 1048576K
Event: 0.741 GC heap after
Heap after GC invocations=1 (full 0):
 PSYoungGen      total 76288K, used 8534K [0x000000076ad80000, 0x0000000774280000, 0x00000007c0000000)
  eden space 65536K, 0% used [0x000000076ad80000,0x000000076ad80000,0x000000076ed80000)
  from space 10752K, 79% used [0x000000076ed80000,0x000000076f5d5a48,0x000000076f800000)
  to   space 10752K, 0% used [0x0000000773800000,0x0000000773800000,0x0000000774280000)
 ParOldGen       total 175104K, used 16K [0x00000006c0800000, 0x00000006cb300000, 0x000000076ad80000)
  object space 175104K, 0% used [0x00000006c0800000,0x00000006c0804000,0x00000006cb300000)
 Metaspace       used 12825K, capacity 13066K, committed 13184K, reserved 1060864K
  class space    used 1586K, capacity 1637K, committed 1664K, reserved 1048576K
}
Event: 1.129 GC heap before
{Heap before GC invocations=2 (full 0):
 PSYoungGen      total 76288K, used 74070K [0x000000076ad80000, 0x0000000774280000, 0x00000007c0000000)
  eden space 65536K, 100% used [0x000000076ad80000,0x000000076ed80000,0x000000076ed80000)
  from space 10752K, 79% used [0x000000076ed80000,0x000000076f5d5a48,0x000000076f800000)
  to   space 10752K, 0% used [0x0000000773800000,0x0000000773800000,0x0000000774280000)
 ParOldGen       total 175104K, used 16K [0x00000006c0800000, 0x00000006cb300000, 0x000000076ad80000)
  object space 175104K, 0% used [0x00000006c0800000,0x00000006c0804000,0x00000006cb300000)
 Metaspace       used 15320K, capacity 15522K, committed 15872K, reserved 1062912K
  class space    used 1926K, capacity 1961K, committed 2048K, reserved 1048576K
Event: 1.135 GC heap after
Heap after GC invocations=2 (full 0):
 PSYoungGen      total 141824K, used 8632K [0x000000076ad80000, 0x0000000774280000, 0x00000007c0000000)
  eden space 131072K, 0% used [0x000000076ad80000,0x000000076ad80000,0x0000000772d80000)
  from space 10752K, 80% used [0x0000000773800000,0x000000077406e030,0x0000000774280000)
  to   space 10752K, 0% used [0x0000000772d80000,0x0000000772d80000,0x0000000773800000)
 ParOldGen       total 175104K, used 24K [0x00000006c0800000, 0x00000006cb300000, 0x000000076ad80000)
  object space 175104K, 0% used [0x00000006c0800000,0x00000006c0806000,0x00000006cb300000)
 Metaspace       used 15320K, capacity 15522K, committed 15872K, reserved 1062912K
  class space    used 1926K, capacity 1961K, committed 2048K, reserved 1048576K
}
Event: 1.794 GC heap before
{Heap before GC invocations=3 (full 0):
 PSYoungGen      total 141824K, used 110698K [0x000000076ad80000, 0x0000000774280000, 0x00000007c0000000)
  eden space 131072K, 77% used [0x000000076ad80000,0x000000077112ca10,0x0000000772d80000)
  from space 10752K, 80% used [0x0000000773800000,0x000000077406e030,0x0000000774280000)
  to   space 10752K, 0% used [0x0000000772d80000,0x0000000772d80000,0x0000000773800000)
 ParOldGen       total 175104K, used 24K [0x00000006c0800000, 0x00000006cb300000, 0x000000076ad80000)
  object space 175104K, 0% used [0x00000006c0800000,0x00000006c0806000,0x00000006cb300000)
 Metaspace       used 20832K, capacity 21048K, committed 21296K, reserved 1069056K
  class space    used 2602K, capacity 2642K, committed 2688K, reserved 1048576K
Event: 1.802 GC heap after
Heap after GC invocations=3 (full 0):
 PSYoungGen      total 141824K, used 10735K [0x000000076ad80000, 0x000000077c280000, 0x00000007c0000000)
  eden space 131072K, 0% used [0x000000076ad80000,0x000000076ad80000,0x0000000772d80000)
  from space 10752K, 99% used [0x0000000772d80000,0x00000007737fbd48,0x0000000773800000)
  to   space 10752K, 0% used [0x000000077b800000,0x000000077b800000,0x000000077c280000)
 ParOldGen       total 175104K, used 815K [0x00000006c0800000, 0x00000006cb300000, 0x000000076ad80000)
  object space 175104K, 0% used [0x00000006c0800000,0x00000006c08cbcf0,0x00000006cb300000)
 Metaspace       used 20832K, capacity 21048K, committed 21296K, reserved 1069056K
  class space    used 2602K, capacity 2642K, committed 2688K, reserved 1048576K
}
Event: 1.802 GC heap before
{Heap before GC invocations=4 (full 1):
 PSYoungGen      total 141824K, used 10735K [0x000000076ad80000, 0x000000077c280000, 0x00000007c0000000)
  eden space 131072K, 0% used [0x000000076ad80000,0x000000076ad80000,0x0000000772d80000)
  from space 10752K, 99% used [0x0000000772d80000,0x00000007737fbd48,0x0000000773800000)
  to   space 10752K, 0% used [0x000000077b800000,0x000000077b800000,0x000000077c280000)
 ParOldGen       total 175104K, used 815K [0x00000006c0800000, 0x00000006cb300000, 0x000000076ad80000)
  object space 175104K, 0% used [0x00000006c0800000,0x00000006c08cbcf0,0x00000006cb300000)
 Metaspace       used 20832K, capacity 21048K, committed 21296K, reserved 1069056K
  class space    used 2602K, capacity 2642K, committed 2688K, reserved 1048576K
Event: 1.831 GC heap after
Heap after GC invocations=4 (full 1):
 PSYoungGen      total 141824K, used 0K [0x000000076ad80000, 0x000000077c280000, 0x00000007c0000000)
  eden space 131072K, 0% used [0x000000076ad80000,0x000000076ad80000,0x0000000772d80000)
  from space 10752K, 0% used [0x0000000772d80000,0x0000000772d80000,0x0000000773800000)
  to   space 10752K, 0% used [0x000000077b800000,0x000000077b800000,0x000000077c280000)
 ParOldGen       total 115200K, used 11117K [0x00000006c0800000, 0x00000006c7880000, 0x000000076ad80000)
  object space 115200K, 9% used [0x00000006c0800000,0x00000006c12db668,0x00000006c7880000)
 Metaspace       used 20832K, capacity 21048K, committed 21296K, reserved 1069056K
  class space    used 2602K, capacity 2642K, committed 2688K, reserved 1048576K
}

